Flow report for pwm_ctrl
Wed Jul 12 13:10:23 2023
Quartus Prime Version 22.1std.1 Build 917 02/14/2023 SC Lite Edition


---------------------
; Table of Contents ;
---------------------
  1. Legal Notice
  2. Flow Summary
  3. Flow Settings
  4. Flow Non-Default Global Settings
  5. Flow Elapsed Time
  6. Flow OS Summary
  7. Flow Log
  8. Flow Messages
  9. Flow Suppressed Messages



----------------
; Legal Notice ;
----------------
Copyright (C) 2023  Intel Corporation. All rights reserved.
Your use of Intel Corporation's design tools, logic functions 
and other software and tools, and any partner logic 
functions, and any output files from any of the foregoing 
(including device programming or simulation files), and any 
associated documentation or information are expressly subject 
to the terms and conditions of the Intel Program License 
Subscription Agreement, the Intel Quartus Prime License Agreement,
the Intel FPGA IP License Agreement, or other applicable license
agreement, including, without limitation, that your use is for
the sole purpose of programming logic devices manufactured by
Intel and sold by Intel or its authorized distributors.  Please
refer to the applicable agreement for further details, at
https://fpgasoftware.intel.com/eula.



+-------------------------------------------------------------------------------------+
; Flow Summary                                                                        ;
+------------------------------------+------------------------------------------------+
; Flow Status                        ; Successful - Wed Jul 12 13:10:23 2023          ;
; Quartus Prime Version              ; 22.1std.1 Build 917 02/14/2023 SC Lite Edition ;
; Revision Name                      ; pwm_ctrl                                       ;
; Top-level Entity Name              ; pwm_ctrl                                       ;
; Family                             ; MAX 10                                         ;
; Device                             ; 10M08SAE144C8G                                 ;
; Timing Models                      ; Final                                          ;
; Total logic elements               ; 2,549 / 8,064 ( 32 % )                         ;
;     Total combinational functions  ; 2,428 / 8,064 ( 30 % )                         ;
;     Dedicated logic registers      ; 1,358 / 8,064 ( 17 % )                         ;
; Total registers                    ; 1358                                           ;
; Total pins                         ; 4 / 101 ( 4 % )                                ;
; Total virtual pins                 ; 0                                              ;
; Total memory bits                  ; 142,336 / 387,072 ( 37 % )                     ;
; Embedded Multiplier 9-bit elements ; 0 / 48 ( 0 % )                                 ;
; Total PLLs                         ; 0 / 1 ( 0 % )                                  ;
; UFM blocks                         ; 1 / 1 ( 100 % )                                ;
; ADC blocks                         ; 0 / 1 ( 0 % )                                  ;
+------------------------------------+------------------------------------------------+


+-----------------------------------------+
; Flow Settings                           ;
+-------------------+---------------------+
; Option            ; Setting             ;
+-------------------+---------------------+
; Start date & time ; 07/12/2023 13:09:18 ;
; Main task         ; Compilation         ;
; Revision Name     ; pwm_ctrl            ;
+-------------------+---------------------+


+------------------------------------------------------------------------------------------------------------------------------------------------+
; Flow Non-Default Global Settings                                                                                                               ;
+-------------------------------------+----------------------------------------+---------------+-------------+-----------------------------------+
; Assignment Name                     ; Value                                  ; Default Value ; Entity Name ; Section Id                        ;
+-------------------------------------+----------------------------------------+---------------+-------------+-----------------------------------+
; COMPILER_SIGNATURE_ID               ; 79612769779681.168913495803684         ; --            ; --          ; --                                ;
; EDA_GENERATE_FUNCTIONAL_NETLIST     ; Off                                    ; --            ; --          ; eda_board_design_timing           ;
; EDA_GENERATE_FUNCTIONAL_NETLIST     ; Off                                    ; --            ; --          ; eda_board_design_boundary_scan    ;
; EDA_GENERATE_FUNCTIONAL_NETLIST     ; Off                                    ; --            ; --          ; eda_board_design_signal_integrity ;
; EDA_GENERATE_FUNCTIONAL_NETLIST     ; Off                                    ; --            ; --          ; eda_board_design_symbol           ;
; EDA_OUTPUT_DATA_FORMAT              ; Verilog Hdl                            ; --            ; --          ; eda_simulation                    ;
; EDA_SIMULATION_TOOL                 ; ModelSim (Verilog)                     ; <None>        ; --          ; --                                ;
; EDA_TIME_SCALE                      ; 1 ps                                   ; --            ; --          ; eda_simulation                    ;
; FLOW_ENABLE_POWER_ANALYZER          ; On                                     ; Off           ; --          ; --                                ;
; MAX_CORE_JUNCTION_TEMP              ; 85                                     ; --            ; --          ; --                                ;
; MIN_CORE_JUNCTION_TEMP              ; 0                                      ; --            ; --          ; --                                ;
; PARTITION_COLOR                     ; -- (Not supported for targeted family) ; --            ; --          ; Top                               ;
; PARTITION_FITTER_PRESERVATION_LEVEL ; -- (Not supported for targeted family) ; --            ; --          ; Top                               ;
; PARTITION_NETLIST_TYPE              ; -- (Not supported for targeted family) ; --            ; --          ; Top                               ;
; POWER_BOARD_THERMAL_MODEL           ; None (CONSERVATIVE)                    ; --            ; --          ; --                                ;
; POWER_DEFAULT_INPUT_IO_TOGGLE_RATE  ; 12.5 %                                 ; 12.5%         ; --          ; --                                ;
; POWER_PRESET_COOLING_SOLUTION       ; 23 MM HEAT SINK WITH 200 LFPM AIRFLOW  ; --            ; --          ; --                                ;
; PROJECT_OUTPUT_DIRECTORY            ; output_files                           ; --            ; --          ; --                                ;
+-------------------------------------+----------------------------------------+---------------+-------------+-----------------------------------+


+--------------------------------------------------------------------------------------------------------------------------+
; Flow Elapsed Time                                                                                                        ;
+----------------------+--------------+-------------------------+---------------------+------------------------------------+
; Module Name          ; Elapsed Time ; Average Processors Used ; Peak Virtual Memory ; Total CPU Time (on all processors) ;
+----------------------+--------------+-------------------------+---------------------+------------------------------------+
; Analysis & Synthesis ; 00:00:44     ; 1.0                     ; 4974 MB             ; 00:00:25                           ;
; Fitter               ; 00:00:07     ; 2.3                     ; 6034 MB             ; 00:00:10                           ;
; Assembler            ; 00:00:01     ; 1.0                     ; 4711 MB             ; 00:00:01                           ;
; Power Analyzer       ; 00:00:03     ; 3.7                     ; 4955 MB             ; 00:00:05                           ;
; Timing Analyzer      ; 00:00:02     ; 3.4                     ; 4900 MB             ; 00:00:05                           ;
; EDA Netlist Writer   ; 00:00:01     ; 1.0                     ; 4684 MB             ; 00:00:01                           ;
; Total                ; 00:00:58     ; --                      ; --                  ; 00:00:47                           ;
+----------------------+--------------+-------------------------+---------------------+------------------------------------+


+------------------------------------------------------------------------------------+
; Flow OS Summary                                                                    ;
+----------------------+------------------+------------+------------+----------------+
; Module Name          ; Machine Hostname ; OS Name    ; OS Version ; Processor type ;
+----------------------+------------------+------------+------------+----------------+
; Analysis & Synthesis ; BOOK-61J7VL3D1M  ; Windows 10 ; 10.0       ; x86_64         ;
; Fitter               ; BOOK-61J7VL3D1M  ; Windows 10 ; 10.0       ; x86_64         ;
; Assembler            ; BOOK-61J7VL3D1M  ; Windows 10 ; 10.0       ; x86_64         ;
; Power Analyzer       ; BOOK-61J7VL3D1M  ; Windows 10 ; 10.0       ; x86_64         ;
; Timing Analyzer      ; BOOK-61J7VL3D1M  ; Windows 10 ; 10.0       ; x86_64         ;
; EDA Netlist Writer   ; BOOK-61J7VL3D1M  ; Windows 10 ; 10.0       ; x86_64         ;
+----------------------+------------------+------------+------------+----------------+


------------
; Flow Log ;
------------
quartus_map --read_settings_files=on --write_settings_files=off pwm_ctrl -c pwm_ctrl
quartus_fit --read_settings_files=off --write_settings_files=off pwm_ctrl -c pwm_ctrl
quartus_asm --read_settings_files=off --write_settings_files=off pwm_ctrl -c pwm_ctrl
quartus_pow --read_settings_files=off --write_settings_files=off pwm_ctrl -c pwm_ctrl
quartus_sta pwm_ctrl -c pwm_ctrl
quartus_eda --read_settings_files=off --write_settings_files=off pwm_ctrl -c pwm_ctrl



